02-04-2018 08:41:01.926 [restartedMain] INFO  c.honeycakesin.HoneycakesApplication.logStarting - Starting HoneycakesApplication on Ramus-MacBook-Air.local with PID 14264 (/Users/ram/JustALab-Workspace/honeycomb/honeycakes-in/target/classes started by ram in /Users/ram/JustALab-Workspace/honeycomb/honeycakes-in)
02-04-2018 08:41:01.936 [restartedMain] INFO  c.honeycakesin.HoneycakesApplication.logStartupProfileInfo - The following profiles are active: dev
02-04-2018 08:41:02.070 [restartedMain] INFO  o.s.b.w.s.c.AnnotationConfigServletWebServerApplicationContext.prepareRefresh - Refreshing org.springframework.boot.web.servlet.context.AnnotationConfigServletWebServerApplicationContext@475a317f: startup date [Mon Apr 02 08:41:02 IST 2018]; root of context hierarchy
02-04-2018 08:41:05.193 [restartedMain] INFO  o.s.c.s.PostProcessorRegistrationDelegate$BeanPostProcessorChecker.postProcessAfterInitialization - Bean 'org.springframework.transaction.annotation.ProxyTransactionManagementConfiguration' of type [org.springframework.transaction.annotation.ProxyTransactionManagementConfiguration$$EnhancerBySpringCGLIB$$b7d974b4] is not eligible for getting processed by all BeanPostProcessors (for example: not eligible for auto-proxying)
02-04-2018 08:41:05.297 [restartedMain] INFO  o.s.c.s.PostProcessorRegistrationDelegate$BeanPostProcessorChecker.postProcessAfterInitialization - Bean 'org.springframework.security.config.annotation.configuration.ObjectPostProcessorConfiguration' of type [org.springframework.security.config.annotation.configuration.ObjectPostProcessorConfiguration$$EnhancerBySpringCGLIB$$50873cee] is not eligible for getting processed by all BeanPostProcessors (for example: not eligible for auto-proxying)
02-04-2018 08:41:05.318 [restartedMain] INFO  o.s.c.s.PostProcessorRegistrationDelegate$BeanPostProcessorChecker.postProcessAfterInitialization - Bean 'objectPostProcessor' of type [org.springframework.security.config.annotation.configuration.AutowireBeanFactoryObjectPostProcessor] is not eligible for getting processed by all BeanPostProcessors (for example: not eligible for auto-proxying)
02-04-2018 08:41:05.324 [restartedMain] INFO  o.s.c.s.PostProcessorRegistrationDelegate$BeanPostProcessorChecker.postProcessAfterInitialization - Bean 'org.springframework.security.access.expression.method.DefaultMethodSecurityExpressionHandler@38044297' of type [org.springframework.security.access.expression.method.DefaultMethodSecurityExpressionHandler] is not eligible for getting processed by all BeanPostProcessors (for example: not eligible for auto-proxying)
02-04-2018 08:41:05.331 [restartedMain] INFO  o.s.c.s.PostProcessorRegistrationDelegate$BeanPostProcessorChecker.postProcessAfterInitialization - Bean 'org.springframework.security.config.annotation.method.configuration.GlobalMethodSecurityConfiguration' of type [org.springframework.security.config.annotation.method.configuration.GlobalMethodSecurityConfiguration$$EnhancerBySpringCGLIB$$755bdfa0] is not eligible for getting processed by all BeanPostProcessors (for example: not eligible for auto-proxying)
02-04-2018 08:41:05.357 [restartedMain] INFO  o.s.c.s.PostProcessorRegistrationDelegate$BeanPostProcessorChecker.postProcessAfterInitialization - Bean 'methodSecurityMetadataSource' of type [org.springframework.security.access.method.DelegatingMethodSecurityMetadataSource] is not eligible for getting processed by all BeanPostProcessors (for example: not eligible for auto-proxying)
02-04-2018 08:41:06.137 [restartedMain] INFO  o.s.b.w.e.tomcat.TomcatWebServer.initialize - Tomcat initialized with port(s): 8085 (http)
02-04-2018 08:41:06.214 [restartedMain] INFO  o.a.catalina.core.StandardService.log - Starting service [Tomcat]
02-04-2018 08:41:06.215 [restartedMain] INFO  o.a.catalina.core.StandardEngine.log - Starting Servlet Engine: Apache Tomcat/8.5.28
02-04-2018 08:41:06.243 [localhost-startStop-1] INFO  o.a.c.core.AprLifecycleListener.log - The APR based Apache Tomcat Native library which allows optimal performance in production environments was not found on the java.library.path: [/Users/ram/Library/Java/Extensions:/Library/Java/Extensions:/Network/Library/Java/Extensions:/System/Library/Java/Extensions:/usr/lib/java:.]
02-04-2018 08:41:06.610 [localhost-startStop-1] INFO  o.a.c.c.C.[Tomcat].[localhost].[/].log - Initializing Spring embedded WebApplicationContext
02-04-2018 08:41:06.611 [localhost-startStop-1] INFO  o.s.web.context.ContextLoader.prepareWebApplicationContext - Root WebApplicationContext: initialization completed in 4541 ms
02-04-2018 08:41:06.976 [localhost-startStop-1] INFO  o.s.b.w.s.FilterRegistrationBean.configure - Mapping filter: 'characterEncodingFilter' to: [/*]
02-04-2018 08:41:06.978 [localhost-startStop-1] INFO  o.s.b.w.s.FilterRegistrationBean.configure - Mapping filter: 'hiddenHttpMethodFilter' to: [/*]
02-04-2018 08:41:06.978 [localhost-startStop-1] INFO  o.s.b.w.s.FilterRegistrationBean.configure - Mapping filter: 'httpPutFormContentFilter' to: [/*]
02-04-2018 08:41:06.979 [localhost-startStop-1] INFO  o.s.b.w.s.FilterRegistrationBean.configure - Mapping filter: 'requestContextFilter' to: [/*]
02-04-2018 08:41:06.979 [localhost-startStop-1] INFO  o.s.b.w.s.DelegatingFilterProxyRegistrationBean.configure - Mapping filter: 'springSecurityFilterChain' to: [/*]
02-04-2018 08:41:06.980 [localhost-startStop-1] INFO  o.s.b.w.s.ServletRegistrationBean.addRegistration - Servlet dispatcherServlet mapped to [/]
02-04-2018 08:41:07.445 [restartedMain] INFO  com.zaxxer.hikari.HikariDataSource.getConnection - HikariPool-1 - Starting...
02-04-2018 08:41:07.959 [restartedMain] INFO  com.zaxxer.hikari.HikariDataSource.getConnection - HikariPool-1 - Start completed.
02-04-2018 08:41:08.097 [restartedMain] INFO  o.s.o.j.LocalContainerEntityManagerFactoryBean.createNativeEntityManagerFactory - Building JPA container EntityManagerFactory for persistence unit 'default'
02-04-2018 08:41:08.180 [restartedMain] INFO  o.h.jpa.internal.util.LogHelper.logPersistenceUnitInformation - HHH000204: Processing PersistenceUnitInfo [
	name: default
	...]
02-04-2018 08:41:08.439 [restartedMain] INFO  org.hibernate.Version.logVersion - HHH000412: Hibernate Core {5.2.14.Final}
02-04-2018 08:41:08.443 [restartedMain] INFO  org.hibernate.cfg.Environment.<clinit> - HHH000206: hibernate.properties not found
02-04-2018 08:41:08.555 [restartedMain] INFO  o.h.annotations.common.Version.<clinit> - HCANN000001: Hibernate Commons Annotations {5.0.1.Final}
02-04-2018 08:41:08.891 [restartedMain] INFO  org.hibernate.dialect.Dialect.<init> - HHH000400: Using dialect: org.hibernate.dialect.MySQL5InnoDBDialect
02-04-2018 08:41:10.753 [restartedMain] INFO  o.s.o.j.LocalContainerEntityManagerFactoryBean.buildNativeEntityManagerFactory - Initialized JPA EntityManagerFactory for persistence unit 'default'
02-04-2018 08:41:12.263 [restartedMain] INFO  o.h.h.i.QueryTranslatorFactoryInitiator.initiateService - HHH000397: Using ASTQueryTranslatorFactory
02-04-2018 08:41:12.860 [restartedMain] INFO  o.s.s.web.DefaultSecurityFilterChain.<init> - Creating filter chain: Ant [pattern='/hc/auth', POST], []
02-04-2018 08:41:12.860 [restartedMain] INFO  o.s.s.web.DefaultSecurityFilterChain.<init> - Creating filter chain: Ant [pattern='/', GET], []
02-04-2018 08:41:12.861 [restartedMain] INFO  o.s.s.web.DefaultSecurityFilterChain.<init> - Creating filter chain: Ant [pattern='/*.html', GET], []
02-04-2018 08:41:12.861 [restartedMain] INFO  o.s.s.web.DefaultSecurityFilterChain.<init> - Creating filter chain: Ant [pattern='/favicon.ico', GET], []
02-04-2018 08:41:12.862 [restartedMain] INFO  o.s.s.web.DefaultSecurityFilterChain.<init> - Creating filter chain: Ant [pattern='/**/*.html', GET], []
02-04-2018 08:41:12.862 [restartedMain] INFO  o.s.s.web.DefaultSecurityFilterChain.<init> - Creating filter chain: Ant [pattern='/**/*.css', GET], []
02-04-2018 08:41:12.862 [restartedMain] INFO  o.s.s.web.DefaultSecurityFilterChain.<init> - Creating filter chain: Ant [pattern='/**/*.js', GET], []
02-04-2018 08:41:12.863 [restartedMain] INFO  o.s.s.web.DefaultSecurityFilterChain.<init> - Creating filter chain: Ant [pattern='/h2-console/**/**'], []
02-04-2018 08:41:12.994 [restartedMain] INFO  o.s.s.web.DefaultSecurityFilterChain.<init> - Creating filter chain: org.springframework.security.web.util.matcher.AnyRequestMatcher@1, [org.springframework.security.web.context.request.async.WebAsyncManagerIntegrationFilter@5e5a90be, org.springframework.security.web.context.SecurityContextPersistenceFilter@2cf7de34, org.springframework.security.web.header.HeaderWriterFilter@654c49a8, org.springframework.security.web.authentication.logout.LogoutFilter@7ba99ae, com.honeycakesin.security.JwtAuthorizationTokenFilter@34009cdb, org.springframework.security.web.savedrequest.RequestCacheAwareFilter@173cf593, org.springframework.security.web.servletapi.SecurityContextHolderAwareRequestFilter@29b997a3, org.springframework.security.web.authentication.AnonymousAuthenticationFilter@4525dde8, org.springframework.security.web.session.SessionManagementFilter@211daeca, org.springframework.security.web.access.ExceptionTranslationFilter@7fbc814a, org.springframework.security.web.access.intercept.FilterSecurityInterceptor@dccff99]
02-04-2018 08:41:13.803 [restartedMain] INFO  o.s.w.s.m.m.a.RequestMappingHandlerAdapter.initControllerAdviceCache - Looking for @ControllerAdvice: org.springframework.boot.web.servlet.context.AnnotationConfigServletWebServerApplicationContext@475a317f: startup date [Mon Apr 02 08:41:02 IST 2018]; root of context hierarchy
02-04-2018 08:41:14.389 [restartedMain] WARN  o.s.b.a.o.j.JpaBaseConfiguration$JpaWebConfiguration$JpaWebMvcConfiguration.openEntityManagerInViewInterceptor - spring.jpa.open-in-view is enabled by default. Therefore, database queries may be performed during view rendering. Explicitly configure spring.jpa.open-in-view to disable this warning
02-04-2018 08:41:14.461 [restartedMain] INFO  o.s.w.s.m.m.a.RequestMappingHandlerMapping.register - Mapped "{[/hc/admin],methods=[GET]}" onto public org.springframework.http.ResponseEntity<?> com.honeycakesin.controller.AdminController.getProtectedGreeting()
02-04-2018 08:41:14.464 [restartedMain] INFO  o.s.w.s.m.m.a.RequestMappingHandlerMapping.register - Mapped "{[/hc/auth],methods=[POST]}" onto public org.springframework.http.ResponseEntity<?> com.honeycakesin.controller.AuthenticationController.createAuthenticationToken(com.honeycakesin.security.JwtAuthenticationRequest) throws com.honeycakesin.Exception.AuthenticationException
02-04-2018 08:41:14.465 [restartedMain] INFO  o.s.w.s.m.m.a.RequestMappingHandlerMapping.register - Mapped "{[/refresh],methods=[GET]}" onto public org.springframework.http.ResponseEntity<?> com.honeycakesin.controller.AuthenticationController.refreshAndGetAuthenticationToken(javax.servlet.http.HttpServletRequest)
02-04-2018 08:41:14.467 [restartedMain] INFO  o.s.w.s.m.m.a.RequestMappingHandlerMapping.register - Mapped "{[/hc/customer/locations],methods=[GET]}" onto public java.util.List<com.honeycakesin.dto.LocationDto> com.honeycakesin.controller.CustomerController.getLocationsList()
02-04-2018 08:41:14.468 [restartedMain] INFO  o.s.w.s.m.m.a.RequestMappingHandlerMapping.register - Mapped "{[/hc/customer/vendoritems/{vendorId}],methods=[GET]}" onto public java.util.List<com.honeycakesin.dto.VendorItemsDto> com.honeycakesin.controller.CustomerController.getVendorItemsList(java.lang.Long)
02-04-2018 08:41:14.469 [restartedMain] INFO  o.s.w.s.m.m.a.RequestMappingHandlerMapping.register - Mapped "{[/user],methods=[GET]}" onto public com.honeycakesin.security.JwtUser com.honeycakesin.controller.UserController.getAuthenticatedUser(javax.servlet.http.HttpServletRequest)
02-04-2018 08:41:14.470 [restartedMain] INFO  o.s.w.s.m.m.a.RequestMappingHandlerMapping.register - Mapped "{[/hc/vendor],methods=[GET]}" onto public org.springframework.http.ResponseEntity<?> com.honeycakesin.controller.VendorController.getProtectedGreeting()
02-04-2018 08:41:14.475 [restartedMain] INFO  o.s.w.s.m.m.a.RequestMappingHandlerMapping.register - Mapped "{[/error]}" onto public org.springframework.http.ResponseEntity<java.util.Map<java.lang.String, java.lang.Object>> org.springframework.boot.autoconfigure.web.servlet.error.BasicErrorController.error(javax.servlet.http.HttpServletRequest)
02-04-2018 08:41:14.477 [restartedMain] INFO  o.s.w.s.m.m.a.RequestMappingHandlerMapping.register - Mapped "{[/error],produces=[text/html]}" onto public org.springframework.web.servlet.ModelAndView org.springframework.boot.autoconfigure.web.servlet.error.BasicErrorController.errorHtml(javax.servlet.http.HttpServletRequest,javax.servlet.http.HttpServletResponse)
02-04-2018 08:41:14.613 [restartedMain] INFO  o.s.w.s.h.SimpleUrlHandlerMapping.registerHandler - Mapped URL path [/webjars/**] onto handler of type [class org.springframework.web.servlet.resource.ResourceHttpRequestHandler]
02-04-2018 08:41:14.613 [restartedMain] INFO  o.s.w.s.h.SimpleUrlHandlerMapping.registerHandler - Mapped URL path [/**] onto handler of type [class org.springframework.web.servlet.resource.ResourceHttpRequestHandler]
02-04-2018 08:41:14.718 [restartedMain] INFO  o.s.w.s.h.SimpleUrlHandlerMapping.registerHandler - Mapped URL path [/**/favicon.ico] onto handler of type [class org.springframework.web.servlet.resource.ResourceHttpRequestHandler]
02-04-2018 08:41:15.096 [restartedMain] INFO  o.s.b.d.a.OptionalLiveReloadServer.startServer - LiveReload server is running on port 35729
02-04-2018 08:41:15.217 [restartedMain] INFO  o.s.j.e.a.AnnotationMBeanExporter.afterSingletonsInstantiated - Registering beans for JMX exposure on startup
02-04-2018 08:41:15.220 [restartedMain] INFO  o.s.j.e.a.AnnotationMBeanExporter.autodetect - Bean with name 'dataSource' has been autodetected for JMX exposure
02-04-2018 08:41:15.230 [restartedMain] INFO  o.s.j.e.a.AnnotationMBeanExporter.registerBeanInstance - Located MBean 'dataSource': registering with JMX server as MBean [com.zaxxer.hikari:name=dataSource,type=HikariDataSource]
02-04-2018 08:41:15.312 [restartedMain] INFO  o.s.b.w.e.tomcat.TomcatWebServer.start - Tomcat started on port(s): 8085 (http) with context path ''
02-04-2018 08:41:15.318 [restartedMain] INFO  c.honeycakesin.HoneycakesApplication.logStarted - Started HoneycakesApplication in 14.231 seconds (JVM running for 15.484)
02-04-2018 08:41:32.679 [http-nio-8085-exec-1] INFO  o.a.c.c.C.[Tomcat].[localhost].[/].log - Initializing Spring FrameworkServlet 'dispatcherServlet'
02-04-2018 08:41:32.680 [http-nio-8085-exec-1] INFO  o.s.web.servlet.DispatcherServlet.initServletBean - FrameworkServlet 'dispatcherServlet': initialization started
02-04-2018 08:41:32.717 [http-nio-8085-exec-1] INFO  o.s.web.servlet.DispatcherServlet.initServletBean - FrameworkServlet 'dispatcherServlet': initialization completed in 37 ms
02-04-2018 08:41:33.331 [http-nio-8085-exec-1] INFO  c.h.s.JwtAuthorizationTokenFilter.doFilterInternal - authorizated user 'u@u.com', setting security context
02-04-2018 08:41:50.145 [http-nio-8085-exec-3] WARN  c.h.s.JwtAuthorizationTokenFilter.doFilterInternal - couldn't find bearer string, will ignore the header
02-04-2018 08:42:00.182 [http-nio-8085-exec-4] WARN  c.h.s.JwtAuthorizationTokenFilter.doFilterInternal - couldn't find bearer string, will ignore the header
02-04-2018 08:42:00.198 [http-nio-8085-exec-4] WARN  o.s.web.servlet.PageNotFound.handleHttpRequestMethodNotSupported - Request method 'GET' not supported
02-04-2018 08:42:00.199 [http-nio-8085-exec-4] WARN  o.s.w.s.m.s.DefaultHandlerExceptionResolver.logException - Resolved exception caused by Handler execution: org.springframework.web.HttpRequestMethodNotSupportedException: Request method 'GET' not supported
02-04-2018 08:42:48.595 [http-nio-8085-exec-6] WARN  c.h.s.JwtAuthorizationTokenFilter.doFilterInternal - couldn't find bearer string, will ignore the header
02-04-2018 08:43:01.731 [http-nio-8085-exec-7] INFO  c.h.s.JwtAuthorizationTokenFilter.doFilterInternal - authorizated user 'u@u.com', setting security context
02-04-2018 08:43:22.560 [http-nio-8085-exec-8] INFO  c.h.s.JwtAuthorizationTokenFilter.doFilterInternal - authorizated user 'u@u.com', setting security context
02-04-2018 08:43:33.639 [http-nio-8085-exec-9] INFO  c.h.s.JwtAuthorizationTokenFilter.doFilterInternal - authorizated user 'u@u.com', setting security context
02-04-2018 08:43:51.398 [http-nio-8085-exec-10] INFO  c.h.s.JwtAuthorizationTokenFilter.doFilterInternal - authorizated user 'u@u.com', setting security context
02-04-2018 08:43:57.795 [http-nio-8085-exec-2] INFO  c.h.s.JwtAuthorizationTokenFilter.doFilterInternal - authorizated user 'u@u.com', setting security context
02-04-2018 08:46:18.329 [http-nio-8085-exec-6] INFO  c.h.s.JwtAuthorizationTokenFilter.doFilterInternal - authorizated user 'v@v.com', setting security context
02-04-2018 08:46:18.331 [http-nio-8085-exec-6] WARN  o.s.web.servlet.PageNotFound.handleHttpRequestMethodNotSupported - Request method 'POST' not supported
02-04-2018 08:46:18.332 [http-nio-8085-exec-6] WARN  o.s.w.s.m.s.DefaultHandlerExceptionResolver.logException - Resolved exception caused by Handler execution: org.springframework.web.HttpRequestMethodNotSupportedException: Request method 'POST' not supported
02-04-2018 08:46:25.413 [http-nio-8085-exec-7] INFO  c.h.s.JwtAuthorizationTokenFilter.doFilterInternal - authorizated user 'v@v.com', setting security context
02-04-2018 08:46:49.744 [http-nio-8085-exec-8] INFO  c.h.s.JwtAuthorizationTokenFilter.doFilterInternal - authorizated user 'v@v.com', setting security context
02-04-2018 08:48:11.073 [http-nio-8085-exec-1] INFO  c.h.s.JwtAuthorizationTokenFilter.doFilterInternal - authorizated user 'u@u.com', setting security context
02-04-2018 08:48:23.979 [http-nio-8085-exec-3] INFO  c.h.s.JwtAuthorizationTokenFilter.doFilterInternal - authorizated user 'u@u.com', setting security context
02-04-2018 08:49:08.094 [Thread-9] INFO  o.s.b.w.s.c.AnnotationConfigServletWebServerApplicationContext.doClose - Closing org.springframework.boot.web.servlet.context.AnnotationConfigServletWebServerApplicationContext@475a317f: startup date [Mon Apr 02 08:41:02 IST 2018]; root of context hierarchy
02-04-2018 08:49:08.104 [Thread-9] INFO  o.s.j.e.a.AnnotationMBeanExporter.destroy - Unregistering JMX-exposed beans on shutdown
02-04-2018 08:49:08.105 [Thread-9] INFO  o.s.j.e.a.AnnotationMBeanExporter.unregisterBeans - Unregistering JMX-exposed beans
02-04-2018 08:49:08.113 [Thread-9] INFO  o.s.o.j.LocalContainerEntityManagerFactoryBean.destroy - Closing JPA EntityManagerFactory for persistence unit 'default'
02-04-2018 08:49:08.117 [Thread-9] INFO  com.zaxxer.hikari.HikariDataSource.close - HikariPool-1 - Shutdown initiated...
02-04-2018 08:49:08.135 [Thread-9] INFO  com.zaxxer.hikari.HikariDataSource.close - HikariPool-1 - Shutdown completed.
02-04-2018 19:56:10.642 [restartedMain] INFO  c.honeycakesin.HoneycakesApplication.logStarting - Starting HoneycakesApplication on Ramus-MacBook-Air.local with PID 15077 (/Users/ram/JustALab-Workspace/honeycomb/honeycakes-in/target/classes started by ram in /Users/ram/JustALab-Workspace/honeycomb/honeycakes-in)
02-04-2018 19:56:10.645 [restartedMain] INFO  c.honeycakesin.HoneycakesApplication.logStartupProfileInfo - The following profiles are active: dev
02-04-2018 19:56:10.793 [restartedMain] INFO  o.s.b.w.s.c.AnnotationConfigServletWebServerApplicationContext.prepareRefresh - Refreshing org.springframework.boot.web.servlet.context.AnnotationConfigServletWebServerApplicationContext@207514e9: startup date [Mon Apr 02 19:56:10 IST 2018]; root of context hierarchy
02-04-2018 19:56:14.996 [restartedMain] INFO  o.s.c.s.PostProcessorRegistrationDelegate$BeanPostProcessorChecker.postProcessAfterInitialization - Bean 'org.springframework.transaction.annotation.ProxyTransactionManagementConfiguration' of type [org.springframework.transaction.annotation.ProxyTransactionManagementConfiguration$$EnhancerBySpringCGLIB$$e48a8779] is not eligible for getting processed by all BeanPostProcessors (for example: not eligible for auto-proxying)
02-04-2018 19:56:15.123 [restartedMain] INFO  o.s.c.s.PostProcessorRegistrationDelegate$BeanPostProcessorChecker.postProcessAfterInitialization - Bean 'org.springframework.security.config.annotation.configuration.ObjectPostProcessorConfiguration' of type [org.springframework.security.config.annotation.configuration.ObjectPostProcessorConfiguration$$EnhancerBySpringCGLIB$$7d384fb3] is not eligible for getting processed by all BeanPostProcessors (for example: not eligible for auto-proxying)
02-04-2018 19:56:15.139 [restartedMain] INFO  o.s.c.s.PostProcessorRegistrationDelegate$BeanPostProcessorChecker.postProcessAfterInitialization - Bean 'objectPostProcessor' of type [org.springframework.security.config.annotation.configuration.AutowireBeanFactoryObjectPostProcessor] is not eligible for getting processed by all BeanPostProcessors (for example: not eligible for auto-proxying)
02-04-2018 19:56:15.144 [restartedMain] INFO  o.s.c.s.PostProcessorRegistrationDelegate$BeanPostProcessorChecker.postProcessAfterInitialization - Bean 'org.springframework.security.access.expression.method.DefaultMethodSecurityExpressionHandler@17dc16f5' of type [org.springframework.security.access.expression.method.DefaultMethodSecurityExpressionHandler] is not eligible for getting processed by all BeanPostProcessors (for example: not eligible for auto-proxying)
02-04-2018 19:56:15.159 [restartedMain] INFO  o.s.c.s.PostProcessorRegistrationDelegate$BeanPostProcessorChecker.postProcessAfterInitialization - Bean 'org.springframework.security.config.annotation.method.configuration.GlobalMethodSecurityConfiguration' of type [org.springframework.security.config.annotation.method.configuration.GlobalMethodSecurityConfiguration$$EnhancerBySpringCGLIB$$a20cf265] is not eligible for getting processed by all BeanPostProcessors (for example: not eligible for auto-proxying)
02-04-2018 19:56:15.183 [restartedMain] INFO  o.s.c.s.PostProcessorRegistrationDelegate$BeanPostProcessorChecker.postProcessAfterInitialization - Bean 'methodSecurityMetadataSource' of type [org.springframework.security.access.method.DelegatingMethodSecurityMetadataSource] is not eligible for getting processed by all BeanPostProcessors (for example: not eligible for auto-proxying)
02-04-2018 19:56:16.242 [restartedMain] INFO  o.s.b.w.e.tomcat.TomcatWebServer.initialize - Tomcat initialized with port(s): 8085 (http)
02-04-2018 19:56:16.346 [restartedMain] INFO  o.a.catalina.core.StandardService.log - Starting service [Tomcat]
02-04-2018 19:56:16.347 [restartedMain] INFO  o.a.catalina.core.StandardEngine.log - Starting Servlet Engine: Apache Tomcat/8.5.28
02-04-2018 19:56:16.380 [localhost-startStop-1] INFO  o.a.c.core.AprLifecycleListener.log - The APR based Apache Tomcat Native library which allows optimal performance in production environments was not found on the java.library.path: [/Users/ram/Library/Java/Extensions:/Library/Java/Extensions:/Network/Library/Java/Extensions:/System/Library/Java/Extensions:/usr/lib/java:.]
02-04-2018 19:56:16.842 [localhost-startStop-1] INFO  o.a.c.c.C.[Tomcat].[localhost].[/].log - Initializing Spring embedded WebApplicationContext
02-04-2018 19:56:16.843 [localhost-startStop-1] INFO  o.s.web.context.ContextLoader.prepareWebApplicationContext - Root WebApplicationContext: initialization completed in 6050 ms
02-04-2018 19:56:17.251 [localhost-startStop-1] INFO  o.s.b.w.s.FilterRegistrationBean.configure - Mapping filter: 'characterEncodingFilter' to: [/*]
02-04-2018 19:56:17.252 [localhost-startStop-1] INFO  o.s.b.w.s.FilterRegistrationBean.configure - Mapping filter: 'hiddenHttpMethodFilter' to: [/*]
02-04-2018 19:56:17.252 [localhost-startStop-1] INFO  o.s.b.w.s.FilterRegistrationBean.configure - Mapping filter: 'httpPutFormContentFilter' to: [/*]
02-04-2018 19:56:17.253 [localhost-startStop-1] INFO  o.s.b.w.s.FilterRegistrationBean.configure - Mapping filter: 'requestContextFilter' to: [/*]
02-04-2018 19:56:17.254 [localhost-startStop-1] INFO  o.s.b.w.s.DelegatingFilterProxyRegistrationBean.configure - Mapping filter: 'springSecurityFilterChain' to: [/*]
02-04-2018 19:56:17.254 [localhost-startStop-1] INFO  o.s.b.w.s.ServletRegistrationBean.addRegistration - Servlet dispatcherServlet mapped to [/]
02-04-2018 19:56:17.774 [restartedMain] INFO  com.zaxxer.hikari.HikariDataSource.getConnection - HikariPool-1 - Starting...
02-04-2018 19:56:18.389 [restartedMain] INFO  com.zaxxer.hikari.HikariDataSource.getConnection - HikariPool-1 - Start completed.
02-04-2018 19:56:18.629 [restartedMain] INFO  o.s.o.j.LocalContainerEntityManagerFactoryBean.createNativeEntityManagerFactory - Building JPA container EntityManagerFactory for persistence unit 'default'
02-04-2018 19:56:18.680 [restartedMain] INFO  o.h.jpa.internal.util.LogHelper.logPersistenceUnitInformation - HHH000204: Processing PersistenceUnitInfo [
	name: default
	...]
02-04-2018 19:56:19.006 [restartedMain] INFO  org.hibernate.Version.logVersion - HHH000412: Hibernate Core {5.2.14.Final}
02-04-2018 19:56:19.009 [restartedMain] INFO  org.hibernate.cfg.Environment.<clinit> - HHH000206: hibernate.properties not found
02-04-2018 19:56:19.165 [restartedMain] INFO  o.h.annotations.common.Version.<clinit> - HCANN000001: Hibernate Commons Annotations {5.0.1.Final}
02-04-2018 19:56:19.593 [restartedMain] INFO  org.hibernate.dialect.Dialect.<init> - HHH000400: Using dialect: org.hibernate.dialect.MySQL5InnoDBDialect
02-04-2018 19:56:21.803 [restartedMain] INFO  o.s.o.j.LocalContainerEntityManagerFactoryBean.buildNativeEntityManagerFactory - Initialized JPA EntityManagerFactory for persistence unit 'default'
02-04-2018 19:56:23.669 [restartedMain] INFO  o.h.h.i.QueryTranslatorFactoryInitiator.initiateService - HHH000397: Using ASTQueryTranslatorFactory
02-04-2018 19:56:24.415 [restartedMain] INFO  o.s.s.web.DefaultSecurityFilterChain.<init> - Creating filter chain: Ant [pattern='/hc/auth', POST], []
02-04-2018 19:56:24.416 [restartedMain] INFO  o.s.s.web.DefaultSecurityFilterChain.<init> - Creating filter chain: Ant [pattern='/', GET], []
02-04-2018 19:56:24.417 [restartedMain] INFO  o.s.s.web.DefaultSecurityFilterChain.<init> - Creating filter chain: Ant [pattern='/*.html', GET], []
02-04-2018 19:56:24.417 [restartedMain] INFO  o.s.s.web.DefaultSecurityFilterChain.<init> - Creating filter chain: Ant [pattern='/favicon.ico', GET], []
02-04-2018 19:56:24.418 [restartedMain] INFO  o.s.s.web.DefaultSecurityFilterChain.<init> - Creating filter chain: Ant [pattern='/**/*.html', GET], []
02-04-2018 19:56:24.418 [restartedMain] INFO  o.s.s.web.DefaultSecurityFilterChain.<init> - Creating filter chain: Ant [pattern='/**/*.css', GET], []
02-04-2018 19:56:24.418 [restartedMain] INFO  o.s.s.web.DefaultSecurityFilterChain.<init> - Creating filter chain: Ant [pattern='/**/*.js', GET], []
02-04-2018 19:56:24.419 [restartedMain] INFO  o.s.s.web.DefaultSecurityFilterChain.<init> - Creating filter chain: Ant [pattern='/h2-console/**/**'], []
02-04-2018 19:56:24.626 [restartedMain] INFO  o.s.s.web.DefaultSecurityFilterChain.<init> - Creating filter chain: org.springframework.security.web.util.matcher.AnyRequestMatcher@1, [org.springframework.security.web.context.request.async.WebAsyncManagerIntegrationFilter@677a991c, org.springframework.security.web.context.SecurityContextPersistenceFilter@6f0cdd2a, org.springframework.security.web.header.HeaderWriterFilter@b627c88, org.springframework.security.web.authentication.logout.LogoutFilter@27c69167, com.honeycakesin.security.JwtAuthorizationTokenFilter@28b796ab, org.springframework.security.web.savedrequest.RequestCacheAwareFilter@1759dadc, org.springframework.security.web.servletapi.SecurityContextHolderAwareRequestFilter@694c563e, org.springframework.security.web.authentication.AnonymousAuthenticationFilter@1180fa86, org.springframework.security.web.session.SessionManagementFilter@6a1e88e4, org.springframework.security.web.access.ExceptionTranslationFilter@2092058e, org.springframework.security.web.access.intercept.FilterSecurityInterceptor@948c959]
02-04-2018 19:56:25.744 [restartedMain] INFO  o.s.w.s.m.m.a.RequestMappingHandlerAdapter.initControllerAdviceCache - Looking for @ControllerAdvice: org.springframework.boot.web.servlet.context.AnnotationConfigServletWebServerApplicationContext@207514e9: startup date [Mon Apr 02 19:56:10 IST 2018]; root of context hierarchy
02-04-2018 19:56:26.385 [restartedMain] WARN  o.s.b.a.o.j.JpaBaseConfiguration$JpaWebConfiguration$JpaWebMvcConfiguration.openEntityManagerInViewInterceptor - spring.jpa.open-in-view is enabled by default. Therefore, database queries may be performed during view rendering. Explicitly configure spring.jpa.open-in-view to disable this warning
02-04-2018 19:56:26.476 [restartedMain] INFO  o.s.w.s.m.m.a.RequestMappingHandlerMapping.register - Mapped "{[/hc/admin],methods=[GET]}" onto public org.springframework.http.ResponseEntity<?> com.honeycakesin.controller.AdminController.getProtectedGreeting()
02-04-2018 19:56:26.479 [restartedMain] INFO  o.s.w.s.m.m.a.RequestMappingHandlerMapping.register - Mapped "{[/hc/auth],methods=[POST]}" onto public org.springframework.http.ResponseEntity<?> com.honeycakesin.controller.AuthenticationController.createAuthenticationToken(com.honeycakesin.security.JwtAuthenticationRequest) throws com.honeycakesin.Exception.AuthenticationException
02-04-2018 19:56:26.480 [restartedMain] INFO  o.s.w.s.m.m.a.RequestMappingHandlerMapping.register - Mapped "{[/refresh],methods=[GET]}" onto public org.springframework.http.ResponseEntity<?> com.honeycakesin.controller.AuthenticationController.refreshAndGetAuthenticationToken(javax.servlet.http.HttpServletRequest)
02-04-2018 19:56:26.482 [restartedMain] INFO  o.s.w.s.m.m.a.RequestMappingHandlerMapping.register - Mapped "{[/hc/customer/vendoritems/{vendorId}],methods=[GET]}" onto public java.util.List<com.honeycakesin.entities.VendorItemsDto> com.honeycakesin.controller.CustomerController.getVendorItemsList(java.lang.Long)
02-04-2018 19:56:26.483 [restartedMain] INFO  o.s.w.s.m.m.a.RequestMappingHandlerMapping.register - Mapped "{[/hc/customer/locations],methods=[GET]}" onto public java.util.List<com.honeycakesin.entities.LocationDto> com.honeycakesin.controller.CustomerController.getLocationsList()
02-04-2018 19:56:26.485 [restartedMain] INFO  o.s.w.s.m.m.a.RequestMappingHandlerMapping.register - Mapped "{[/user],methods=[GET]}" onto public com.honeycakesin.security.JwtUser com.honeycakesin.controller.UserController.getAuthenticatedUser(javax.servlet.http.HttpServletRequest)
02-04-2018 19:56:26.486 [restartedMain] INFO  o.s.w.s.m.m.a.RequestMappingHandlerMapping.register - Mapped "{[/hc/vendor],methods=[GET]}" onto public org.springframework.http.ResponseEntity<?> com.honeycakesin.controller.VendorController.getProtectedGreeting()
02-04-2018 19:56:26.491 [restartedMain] INFO  o.s.w.s.m.m.a.RequestMappingHandlerMapping.register - Mapped "{[/error]}" onto public org.springframework.http.ResponseEntity<java.util.Map<java.lang.String, java.lang.Object>> org.springframework.boot.autoconfigure.web.servlet.error.BasicErrorController.error(javax.servlet.http.HttpServletRequest)
02-04-2018 19:56:26.493 [restartedMain] INFO  o.s.w.s.m.m.a.RequestMappingHandlerMapping.register - Mapped "{[/error],produces=[text/html]}" onto public org.springframework.web.servlet.ModelAndView org.springframework.boot.autoconfigure.web.servlet.error.BasicErrorController.errorHtml(javax.servlet.http.HttpServletRequest,javax.servlet.http.HttpServletResponse)
02-04-2018 19:56:26.648 [restartedMain] INFO  o.s.w.s.h.SimpleUrlHandlerMapping.registerHandler - Mapped URL path [/webjars/**] onto handler of type [class org.springframework.web.servlet.resource.ResourceHttpRequestHandler]
02-04-2018 19:56:26.648 [restartedMain] INFO  o.s.w.s.h.SimpleUrlHandlerMapping.registerHandler - Mapped URL path [/**] onto handler of type [class org.springframework.web.servlet.resource.ResourceHttpRequestHandler]
02-04-2018 19:56:26.787 [restartedMain] INFO  o.s.w.s.h.SimpleUrlHandlerMapping.registerHandler - Mapped URL path [/**/favicon.ico] onto handler of type [class org.springframework.web.servlet.resource.ResourceHttpRequestHandler]
02-04-2018 19:56:27.273 [restartedMain] INFO  o.s.b.d.a.OptionalLiveReloadServer.startServer - LiveReload server is running on port 35729
02-04-2018 19:56:27.408 [restartedMain] INFO  o.s.j.e.a.AnnotationMBeanExporter.afterSingletonsInstantiated - Registering beans for JMX exposure on startup
02-04-2018 19:56:27.411 [restartedMain] INFO  o.s.j.e.a.AnnotationMBeanExporter.autodetect - Bean with name 'dataSource' has been autodetected for JMX exposure
02-04-2018 19:56:27.421 [restartedMain] INFO  o.s.j.e.a.AnnotationMBeanExporter.registerBeanInstance - Located MBean 'dataSource': registering with JMX server as MBean [com.zaxxer.hikari:name=dataSource,type=HikariDataSource]
02-04-2018 19:56:27.529 [restartedMain] INFO  o.s.b.w.e.tomcat.TomcatWebServer.start - Tomcat started on port(s): 8085 (http) with context path ''
02-04-2018 19:56:27.536 [restartedMain] INFO  c.honeycakesin.HoneycakesApplication.logStarted - Started HoneycakesApplication in 18.272 seconds (JVM running for 19.806)
02-04-2018 19:56:44.020 [http-nio-8085-exec-2] INFO  o.a.c.c.C.[Tomcat].[localhost].[/].log - Initializing Spring FrameworkServlet 'dispatcherServlet'
02-04-2018 19:56:44.021 [http-nio-8085-exec-2] INFO  o.s.web.servlet.DispatcherServlet.initServletBean - FrameworkServlet 'dispatcherServlet': initialization started
02-04-2018 19:56:44.098 [http-nio-8085-exec-2] INFO  o.s.web.servlet.DispatcherServlet.initServletBean - FrameworkServlet 'dispatcherServlet': initialization completed in 74 ms
02-04-2018 19:56:44.162 [http-nio-8085-exec-2] WARN  c.h.s.JwtAuthorizationTokenFilter.doFilterInternal - couldn't find bearer string, will ignore the header
02-04-2018 19:58:55.590 [http-nio-8085-exec-6] INFO  c.h.s.JwtAuthorizationTokenFilter.doFilterInternal - authorizated user 'u@u.com', setting security context
02-04-2018 19:59:07.104 [http-nio-8085-exec-7] INFO  c.h.s.JwtAuthorizationTokenFilter.doFilterInternal - authorizated user 'u@u.com', setting security context
02-04-2018 19:59:12.122 [http-nio-8085-exec-8] INFO  c.h.s.JwtAuthorizationTokenFilter.doFilterInternal - authorizated user 'u@u.com', setting security context
02-04-2018 19:59:54.894 [http-nio-8085-exec-9] INFO  c.h.s.JwtAuthorizationTokenFilter.doFilterInternal - authorizated user 'u@u.com', setting security context
02-04-2018 20:00:56.143 [http-nio-8085-exec-2] INFO  c.h.s.JwtAuthorizationTokenFilter.doFilterInternal - authorizated user 'u@u.com', setting security context
02-04-2018 20:01:38.400 [http-nio-8085-exec-4] INFO  c.h.s.JwtAuthorizationTokenFilter.doFilterInternal - authorizated user 'a@a.com', setting security context
02-04-2018 20:01:49.154 [http-nio-8085-exec-5] INFO  c.h.s.JwtAuthorizationTokenFilter.doFilterInternal - authorizated user 'a@a.com', setting security context
02-04-2018 20:01:58.110 [http-nio-8085-exec-6] INFO  c.h.s.JwtAuthorizationTokenFilter.doFilterInternal - authorizated user 'a@a.com', setting security context
02-04-2018 20:02:51.398 [http-nio-8085-exec-8] INFO  c.h.s.JwtAuthorizationTokenFilter.doFilterInternal - authorizated user 'v@v.com', setting security context
02-04-2018 20:02:57.957 [http-nio-8085-exec-9] INFO  c.h.s.JwtAuthorizationTokenFilter.doFilterInternal - authorizated user 'v@v.com', setting security context
02-04-2018 21:13:48.637 [Thread-9] INFO  o.s.b.w.s.c.AnnotationConfigServletWebServerApplicationContext.doClose - Closing org.springframework.boot.web.servlet.context.AnnotationConfigServletWebServerApplicationContext@207514e9: startup date [Mon Apr 02 19:56:10 IST 2018]; root of context hierarchy
02-04-2018 21:13:48.648 [Thread-9] INFO  o.s.j.e.a.AnnotationMBeanExporter.destroy - Unregistering JMX-exposed beans on shutdown
02-04-2018 21:13:48.649 [Thread-9] INFO  o.s.j.e.a.AnnotationMBeanExporter.unregisterBeans - Unregistering JMX-exposed beans
02-04-2018 21:13:48.654 [Thread-9] INFO  o.s.o.j.LocalContainerEntityManagerFactoryBean.destroy - Closing JPA EntityManagerFactory for persistence unit 'default'
02-04-2018 21:13:48.660 [Thread-9] INFO  com.zaxxer.hikari.HikariDataSource.close - HikariPool-1 - Shutdown initiated...
02-04-2018 21:13:48.666 [Thread-9] INFO  com.zaxxer.hikari.HikariDataSource.close - HikariPool-1 - Shutdown completed.
02-04-2018 21:21:52.683 [restartedMain] INFO  c.honeycakesin.HoneycakesApplication.logStarting - Starting HoneycakesApplication on Ramus-MacBook-Air.local with PID 16357 (/Users/ram/JustALab-Workspace/honeycomb/honeycakes-in/target/classes started by ram in /Users/ram/JustALab-Workspace/honeycomb/honeycakes-in)
02-04-2018 21:21:52.686 [restartedMain] INFO  c.honeycakesin.HoneycakesApplication.logStartupProfileInfo - The following profiles are active: dev
02-04-2018 21:21:52.777 [restartedMain] INFO  o.s.b.w.s.c.AnnotationConfigServletWebServerApplicationContext.prepareRefresh - Refreshing org.springframework.boot.web.servlet.context.AnnotationConfigServletWebServerApplicationContext@535dcf4b: startup date [Mon Apr 02 21:21:52 IST 2018]; root of context hierarchy
02-04-2018 21:21:55.144 [restartedMain] INFO  o.s.c.s.PostProcessorRegistrationDelegate$BeanPostProcessorChecker.postProcessAfterInitialization - Bean 'org.springframework.transaction.annotation.ProxyTransactionManagementConfiguration' of type [org.springframework.transaction.annotation.ProxyTransactionManagementConfiguration$$EnhancerBySpringCGLIB$$53704c20] is not eligible for getting processed by all BeanPostProcessors (for example: not eligible for auto-proxying)
02-04-2018 21:21:55.235 [restartedMain] INFO  o.s.c.s.PostProcessorRegistrationDelegate$BeanPostProcessorChecker.postProcessAfterInitialization - Bean 'org.springframework.security.config.annotation.configuration.ObjectPostProcessorConfiguration' of type [org.springframework.security.config.annotation.configuration.ObjectPostProcessorConfiguration$$EnhancerBySpringCGLIB$$ec1e145a] is not eligible for getting processed by all BeanPostProcessors (for example: not eligible for auto-proxying)
02-04-2018 21:21:55.255 [restartedMain] INFO  o.s.c.s.PostProcessorRegistrationDelegate$BeanPostProcessorChecker.postProcessAfterInitialization - Bean 'objectPostProcessor' of type [org.springframework.security.config.annotation.configuration.AutowireBeanFactoryObjectPostProcessor] is not eligible for getting processed by all BeanPostProcessors (for example: not eligible for auto-proxying)
02-04-2018 21:21:55.262 [restartedMain] INFO  o.s.c.s.PostProcessorRegistrationDelegate$BeanPostProcessorChecker.postProcessAfterInitialization - Bean 'org.springframework.security.access.expression.method.DefaultMethodSecurityExpressionHandler@2f5a51c3' of type [org.springframework.security.access.expression.method.DefaultMethodSecurityExpressionHandler] is not eligible for getting processed by all BeanPostProcessors (for example: not eligible for auto-proxying)
02-04-2018 21:21:55.268 [restartedMain] INFO  o.s.c.s.PostProcessorRegistrationDelegate$BeanPostProcessorChecker.postProcessAfterInitialization - Bean 'org.springframework.security.config.annotation.method.configuration.GlobalMethodSecurityConfiguration' of type [org.springframework.security.config.annotation.method.configuration.GlobalMethodSecurityConfiguration$$EnhancerBySpringCGLIB$$10f2b70c] is not eligible for getting processed by all BeanPostProcessors (for example: not eligible for auto-proxying)
02-04-2018 21:21:55.286 [restartedMain] INFO  o.s.c.s.PostProcessorRegistrationDelegate$BeanPostProcessorChecker.postProcessAfterInitialization - Bean 'methodSecurityMetadataSource' of type [org.springframework.security.access.method.DelegatingMethodSecurityMetadataSource] is not eligible for getting processed by all BeanPostProcessors (for example: not eligible for auto-proxying)
02-04-2018 21:21:55.958 [restartedMain] INFO  o.s.b.w.e.tomcat.TomcatWebServer.initialize - Tomcat initialized with port(s): 8085 (http)
02-04-2018 21:21:56.013 [restartedMain] INFO  o.a.catalina.core.StandardService.log - Starting service [Tomcat]
02-04-2018 21:21:56.014 [restartedMain] INFO  o.a.catalina.core.StandardEngine.log - Starting Servlet Engine: Apache Tomcat/8.5.28
02-04-2018 21:21:56.032 [localhost-startStop-1] INFO  o.a.c.core.AprLifecycleListener.log - The APR based Apache Tomcat Native library which allows optimal performance in production environments was not found on the java.library.path: [/Users/ram/Library/Java/Extensions:/Library/Java/Extensions:/Network/Library/Java/Extensions:/System/Library/Java/Extensions:/usr/lib/java:.]
02-04-2018 21:21:56.409 [localhost-startStop-1] INFO  o.a.c.c.C.[Tomcat].[localhost].[/].log - Initializing Spring embedded WebApplicationContext
02-04-2018 21:21:56.410 [localhost-startStop-1] INFO  o.s.web.context.ContextLoader.prepareWebApplicationContext - Root WebApplicationContext: initialization completed in 3632 ms
02-04-2018 21:21:56.734 [localhost-startStop-1] INFO  o.s.b.w.s.FilterRegistrationBean.configure - Mapping filter: 'characterEncodingFilter' to: [/*]
02-04-2018 21:21:56.735 [localhost-startStop-1] INFO  o.s.b.w.s.FilterRegistrationBean.configure - Mapping filter: 'hiddenHttpMethodFilter' to: [/*]
02-04-2018 21:21:56.736 [localhost-startStop-1] INFO  o.s.b.w.s.FilterRegistrationBean.configure - Mapping filter: 'httpPutFormContentFilter' to: [/*]
02-04-2018 21:21:56.736 [localhost-startStop-1] INFO  o.s.b.w.s.FilterRegistrationBean.configure - Mapping filter: 'requestContextFilter' to: [/*]
02-04-2018 21:21:56.737 [localhost-startStop-1] INFO  o.s.b.w.s.DelegatingFilterProxyRegistrationBean.configure - Mapping filter: 'springSecurityFilterChain' to: [/*]
02-04-2018 21:21:56.738 [localhost-startStop-1] INFO  o.s.b.w.s.ServletRegistrationBean.addRegistration - Servlet dispatcherServlet mapped to [/]
02-04-2018 21:21:57.101 [restartedMain] INFO  com.zaxxer.hikari.HikariDataSource.getConnection - HikariPool-1 - Starting...
02-04-2018 21:21:57.469 [restartedMain] INFO  com.zaxxer.hikari.HikariDataSource.getConnection - HikariPool-1 - Start completed.
02-04-2018 21:21:57.565 [restartedMain] INFO  o.s.o.j.LocalContainerEntityManagerFactoryBean.createNativeEntityManagerFactory - Building JPA container EntityManagerFactory for persistence unit 'default'
02-04-2018 21:21:57.641 [restartedMain] INFO  o.h.jpa.internal.util.LogHelper.logPersistenceUnitInformation - HHH000204: Processing PersistenceUnitInfo [
	name: default
	...]
02-04-2018 21:21:57.758 [restartedMain] INFO  org.hibernate.Version.logVersion - HHH000412: Hibernate Core {5.2.14.Final}
02-04-2018 21:21:57.760 [restartedMain] INFO  org.hibernate.cfg.Environment.<clinit> - HHH000206: hibernate.properties not found
02-04-2018 21:21:57.822 [restartedMain] INFO  o.h.annotations.common.Version.<clinit> - HCANN000001: Hibernate Commons Annotations {5.0.1.Final}
02-04-2018 21:21:58.018 [restartedMain] INFO  org.hibernate.dialect.Dialect.<init> - HHH000400: Using dialect: org.hibernate.dialect.MySQL5InnoDBDialect
02-04-2018 21:21:59.530 [restartedMain] INFO  o.s.o.j.LocalContainerEntityManagerFactoryBean.buildNativeEntityManagerFactory - Initialized JPA EntityManagerFactory for persistence unit 'default'
02-04-2018 21:22:00.845 [restartedMain] INFO  o.h.h.i.QueryTranslatorFactoryInitiator.initiateService - HHH000397: Using ASTQueryTranslatorFactory
02-04-2018 21:22:00.971 [restartedMain] WARN  o.s.b.w.s.c.AnnotationConfigServletWebServerApplicationContext.refresh - Exception encountered during context initialization - cancelling refresh attempt: org.springframework.beans.factory.UnsatisfiedDependencyException: Error creating bean with name 'customerController' defined in file [/Users/ram/JustALab-Workspace/honeycomb/honeycakes-in/target/classes/com/honeycakesin/controller/CustomerController.class]: Unsatisfied dependency expressed through constructor parameter 0; nested exception is org.springframework.beans.factory.UnsatisfiedDependencyException: Error creating bean with name 'customerOrderService' defined in file [/Users/ram/JustALab-Workspace/honeycomb/honeycakes-in/target/classes/com/honeycakesin/service/CustomerOrderService.class]: Unsatisfied dependency expressed through constructor parameter 0; nested exception is org.springframework.beans.factory.BeanCreationException: Error creating bean with name 'locationRepository': Invocation of init method failed; nested exception is java.lang.IllegalArgumentException: Validation failed for query for method public abstract java.util.List com.honeycakesin.repository.LocationRepository.findAllLocationsWithOnlyVendorId()!
02-04-2018 21:22:00.973 [restartedMain] INFO  o.s.o.j.LocalContainerEntityManagerFactoryBean.destroy - Closing JPA EntityManagerFactory for persistence unit 'default'
02-04-2018 21:22:00.978 [restartedMain] INFO  com.zaxxer.hikari.HikariDataSource.close - HikariPool-1 - Shutdown initiated...
02-04-2018 21:22:00.990 [restartedMain] INFO  com.zaxxer.hikari.HikariDataSource.close - HikariPool-1 - Shutdown completed.
02-04-2018 21:22:00.994 [restartedMain] INFO  o.a.catalina.core.StandardService.log - Stopping service [Tomcat]
02-04-2018 21:22:01.042 [restartedMain] INFO  o.s.b.a.l.ConditionEvaluationReportLoggingListener.logAutoConfigurationReport - 

Error starting ApplicationContext. To display the conditions report re-run your application with 'debug' enabled.
02-04-2018 21:22:01.069 [restartedMain] ERROR o.s.boot.SpringApplication.reportFailure - Application run failed
org.springframework.beans.factory.UnsatisfiedDependencyException: Error creating bean with name 'customerController' defined in file [/Users/ram/JustALab-Workspace/honeycomb/honeycakes-in/target/classes/com/honeycakesin/controller/CustomerController.class]: Unsatisfied dependency expressed through constructor parameter 0; nested exception is org.springframework.beans.factory.UnsatisfiedDependencyException: Error creating bean with name 'customerOrderService' defined in file [/Users/ram/JustALab-Workspace/honeycomb/honeycakes-in/target/classes/com/honeycakesin/service/CustomerOrderService.class]: Unsatisfied dependency expressed through constructor parameter 0; nested exception is org.springframework.beans.factory.BeanCreationException: Error creating bean with name 'locationRepository': Invocation of init method failed; nested exception is java.lang.IllegalArgumentException: Validation failed for query for method public abstract java.util.List com.honeycakesin.repository.LocationRepository.findAllLocationsWithOnlyVendorId()!
	at org.springframework.beans.factory.support.ConstructorResolver.createArgumentArray(ConstructorResolver.java:729)
	at org.springframework.beans.factory.support.ConstructorResolver.autowireConstructor(ConstructorResolver.java:192)
	at org.springframework.beans.factory.support.AbstractAutowireCapableBeanFactory.autowireConstructor(AbstractAutowireCapableBeanFactory.java:1270)
	at org.springframework.beans.factory.support.AbstractAutowireCapableBeanFactory.createBeanInstance(AbstractAutowireCapableBeanFactory.java:1127)
	at org.springframework.beans.factory.support.AbstractAutowireCapableBeanFactory.doCreateBean(AbstractAutowireCapableBeanFactory.java:545)
	at org.springframework.beans.factory.support.AbstractAutowireCapableBeanFactory.createBean(AbstractAutowireCapableBeanFactory.java:502)
	at org.springframework.beans.factory.support.AbstractBeanFactory.lambda$doGetBean$0(AbstractBeanFactory.java:312)
	at org.springframework.beans.factory.support.DefaultSingletonBeanRegistry.getSingleton(DefaultSingletonBeanRegistry.java:228)
	at org.springframework.beans.factory.support.AbstractBeanFactory.doGetBean(AbstractBeanFactory.java:310)
	at org.springframework.beans.factory.support.AbstractBeanFactory.getBean(AbstractBeanFactory.java:200)
	at org.springframework.beans.factory.support.DefaultListableBeanFactory.preInstantiateSingletons(DefaultListableBeanFactory.java:760)
	at org.springframework.context.support.AbstractApplicationContext.finishBeanFactoryInitialization(AbstractApplicationContext.java:868)
	at org.springframework.context.support.AbstractApplicationContext.refresh(AbstractApplicationContext.java:549)
	at org.springframework.boot.web.servlet.context.ServletWebServerApplicationContext.refresh(ServletWebServerApplicationContext.java:140)
	at org.springframework.boot.SpringApplication.refresh(SpringApplication.java:752)
	at org.springframework.boot.SpringApplication.refreshContext(SpringApplication.java:388)
	at org.springframework.boot.SpringApplication.run(SpringApplication.java:327)
	at org.springframework.boot.SpringApplication.run(SpringApplication.java:1246)
	at org.springframework.boot.SpringApplication.run(SpringApplication.java:1234)
	at com.honeycakesin.HoneycakesApplication.main(HoneycakesApplication.java:12)
	at sun.reflect.NativeMethodAccessorImpl.invoke0(Native Method)
	at sun.reflect.NativeMethodAccessorImpl.invoke(NativeMethodAccessorImpl.java:62)
	at sun.reflect.DelegatingMethodAccessorImpl.invoke(DelegatingMethodAccessorImpl.java:43)
	at java.lang.reflect.Method.invoke(Method.java:498)
	at org.springframework.boot.devtools.restart.RestartLauncher.run(RestartLauncher.java:49)
Caused by: org.springframework.beans.factory.UnsatisfiedDependencyException: Error creating bean with name 'customerOrderService' defined in file [/Users/ram/JustALab-Workspace/honeycomb/honeycakes-in/target/classes/com/honeycakesin/service/CustomerOrderService.class]: Unsatisfied dependency expressed through constructor parameter 0; nested exception is org.springframework.beans.factory.BeanCreationException: Error creating bean with name 'locationRepository': Invocation of init method failed; nested exception is java.lang.IllegalArgumentException: Validation failed for query for method public abstract java.util.List com.honeycakesin.repository.LocationRepository.findAllLocationsWithOnlyVendorId()!
	at org.springframework.beans.factory.support.ConstructorResolver.createArgumentArray(ConstructorResolver.java:729)
	at org.springframework.beans.factory.support.ConstructorResolver.autowireConstructor(ConstructorResolver.java:192)
	at org.springframework.beans.factory.support.AbstractAutowireCapableBeanFactory.autowireConstructor(AbstractAutowireCapableBeanFactory.java:1270)
	at org.springframework.beans.factory.support.AbstractAutowireCapableBeanFactory.createBeanInstance(AbstractAutowireCapableBeanFactory.java:1127)
	at org.springframework.beans.factory.support.AbstractAutowireCapableBeanFactory.doCreateBean(AbstractAutowireCapableBeanFactory.java:545)
	at org.springframework.beans.factory.support.AbstractAutowireCapableBeanFactory.createBean(AbstractAutowireCapableBeanFactory.java:502)
	at org.springframework.beans.factory.support.AbstractBeanFactory.lambda$doGetBean$0(AbstractBeanFactory.java:312)
	at org.springframework.beans.factory.support.DefaultSingletonBeanRegistry.getSingleton(DefaultSingletonBeanRegistry.java:228)
	at org.springframework.beans.factory.support.AbstractBeanFactory.doGetBean(AbstractBeanFactory.java:310)
	at org.springframework.beans.factory.support.AbstractBeanFactory.getBean(AbstractBeanFactory.java:200)
	at org.springframework.beans.factory.config.DependencyDescriptor.resolveCandidate(DependencyDescriptor.java:251)
	at org.springframework.beans.factory.support.DefaultListableBeanFactory.doResolveDependency(DefaultListableBeanFactory.java:1138)
	at org.springframework.beans.factory.support.DefaultListableBeanFactory.resolveDependency(DefaultListableBeanFactory.java:1065)
	at org.springframework.beans.factory.support.ConstructorResolver.resolveAutowiredArgument(ConstructorResolver.java:815)
	at org.springframework.beans.factory.support.ConstructorResolver.createArgumentArray(ConstructorResolver.java:721)
	... 24 common frames omitted
Caused by: org.springframework.beans.factory.BeanCreationException: Error creating bean with name 'locationRepository': Invocation of init method failed; nested exception is java.lang.IllegalArgumentException: Validation failed for query for method public abstract java.util.List com.honeycakesin.repository.LocationRepository.findAllLocationsWithOnlyVendorId()!
	at org.springframework.beans.factory.support.AbstractAutowireCapableBeanFactory.initializeBean(AbstractAutowireCapableBeanFactory.java:1710)
	at org.springframework.beans.factory.support.AbstractAutowireCapableBeanFactory.doCreateBean(AbstractAutowireCapableBeanFactory.java:583)
	at org.springframework.beans.factory.support.AbstractAutowireCapableBeanFactory.createBean(AbstractAutowireCapableBeanFactory.java:502)
	at org.springframework.beans.factory.support.AbstractBeanFactory.lambda$doGetBean$0(AbstractBeanFactory.java:312)
	at org.springframework.beans.factory.support.DefaultSingletonBeanRegistry.getSingleton(DefaultSingletonBeanRegistry.java:228)
	at org.springframework.beans.factory.support.AbstractBeanFactory.doGetBean(AbstractBeanFactory.java:310)
	at org.springframework.beans.factory.support.AbstractBeanFactory.getBean(AbstractBeanFactory.java:200)
	at org.springframework.beans.factory.config.DependencyDescriptor.resolveCandidate(DependencyDescriptor.java:251)
	at org.springframework.beans.factory.support.DefaultListableBeanFactory.doResolveDependency(DefaultListableBeanFactory.java:1138)
	at org.springframework.beans.factory.support.DefaultListableBeanFactory.resolveDependency(DefaultListableBeanFactory.java:1065)
	at org.springframework.beans.factory.support.ConstructorResolver.resolveAutowiredArgument(ConstructorResolver.java:815)
	at org.springframework.beans.factory.support.ConstructorResolver.createArgumentArray(ConstructorResolver.java:721)
	... 38 common frames omitted
Caused by: java.lang.IllegalArgumentException: Validation failed for query for method public abstract java.util.List com.honeycakesin.repository.LocationRepository.findAllLocationsWithOnlyVendorId()!
	at org.springframework.data.jpa.repository.query.SimpleJpaQuery.validateQuery(SimpleJpaQuery.java:93)
	at org.springframework.data.jpa.repository.query.SimpleJpaQuery.<init>(SimpleJpaQuery.java:63)
	at org.springframework.data.jpa.repository.query.JpaQueryFactory.fromMethodWithQueryString(JpaQueryFactory.java:76)
	at org.springframework.data.jpa.repository.query.JpaQueryFactory.fromQueryAnnotation(JpaQueryFactory.java:56)
	at org.springframework.data.jpa.repository.query.JpaQueryLookupStrategy$DeclaredQueryLookupStrategy.resolveQuery(JpaQueryLookupStrategy.java:139)
	at org.springframework.data.jpa.repository.query.JpaQueryLookupStrategy$CreateIfNotFoundQueryLookupStrategy.resolveQuery(JpaQueryLookupStrategy.java:206)
	at org.springframework.data.jpa.repository.query.JpaQueryLookupStrategy$AbstractQueryLookupStrategy.resolveQuery(JpaQueryLookupStrategy.java:79)
	at org.springframework.data.repository.core.support.RepositoryFactorySupport$QueryExecutorMethodInterceptor.lookupQuery(RepositoryFactorySupport.java:553)
	at org.springframework.data.repository.core.support.RepositoryFactorySupport$QueryExecutorMethodInterceptor.lambda$mapMethodsToQuery$1(RepositoryFactorySupport.java:546)
	at java.util.stream.ReferencePipeline$3$1.accept(ReferencePipeline.java:193)
	at java.util.Iterator.forEachRemaining(Iterator.java:116)
	at java.util.Collections$UnmodifiableCollection$1.forEachRemaining(Collections.java:1049)
	at java.util.Spliterators$IteratorSpliterator.forEachRemaining(Spliterators.java:1801)
	at java.util.stream.AbstractPipeline.copyInto(AbstractPipeline.java:481)
	at java.util.stream.AbstractPipeline.wrapAndCopyInto(AbstractPipeline.java:471)
	at java.util.stream.ReduceOps$ReduceOp.evaluateSequential(ReduceOps.java:708)
	at java.util.stream.AbstractPipeline.evaluate(AbstractPipeline.java:234)
	at java.util.stream.ReferencePipeline.collect(ReferencePipeline.java:499)
	at org.springframework.data.repository.core.support.RepositoryFactorySupport$QueryExecutorMethodInterceptor.mapMethodsToQuery(RepositoryFactorySupport.java:548)
	at org.springframework.data.repository.core.support.RepositoryFactorySupport$QueryExecutorMethodInterceptor.lambda$new$0(RepositoryFactorySupport.java:538)
	at java.util.Optional.map(Optional.java:215)
	at org.springframework.data.repository.core.support.RepositoryFactorySupport$QueryExecutorMethodInterceptor.<init>(RepositoryFactorySupport.java:538)
	at org.springframework.data.repository.core.support.RepositoryFactorySupport.getRepository(RepositoryFactorySupport.java:317)
	at org.springframework.data.repository.core.support.RepositoryFactoryBeanSupport.lambda$afterPropertiesSet$3(RepositoryFactoryBeanSupport.java:287)
	at org.springframework.data.util.Lazy.getNullable(Lazy.java:141)
	at org.springframework.data.util.Lazy.get(Lazy.java:63)
	at org.springframework.data.repository.core.support.RepositoryFactoryBeanSupport.afterPropertiesSet(RepositoryFactoryBeanSupport.java:290)
	at org.springframework.data.jpa.repository.support.JpaRepositoryFactoryBean.afterPropertiesSet(JpaRepositoryFactoryBean.java:102)
	at org.springframework.beans.factory.support.AbstractAutowireCapableBeanFactory.invokeInitMethods(AbstractAutowireCapableBeanFactory.java:1769)
	at org.springframework.beans.factory.support.AbstractAutowireCapableBeanFactory.initializeBean(AbstractAutowireCapableBeanFactory.java:1706)
	... 49 common frames omitted
Caused by: java.lang.IllegalArgumentException: org.hibernate.hql.internal.ast.QuerySyntaxException: LocationDto is not mapped [SELECT new com.honeycakesin.dto.LocationDto(l) FROM LocationDto l ]
	at org.hibernate.internal.ExceptionConverterImpl.convert(ExceptionConverterImpl.java:133)
	at org.hibernate.internal.ExceptionConverterImpl.convert(ExceptionConverterImpl.java:157)
	at org.hibernate.internal.ExceptionConverterImpl.convert(ExceptionConverterImpl.java:164)
	at org.hibernate.internal.AbstractSharedSessionContract.createQuery(AbstractSharedSessionContract.java:670)
	at org.hibernate.internal.AbstractSessionImpl.createQuery(AbstractSessionImpl.java:23)
	at sun.reflect.NativeMethodAccessorImpl.invoke0(Native Method)
	at sun.reflect.NativeMethodAccessorImpl.invoke(NativeMethodAccessorImpl.java:62)
	at sun.reflect.DelegatingMethodAccessorImpl.invoke(DelegatingMethodAccessorImpl.java:43)
	at java.lang.reflect.Method.invoke(Method.java:498)
	at org.springframework.orm.jpa.ExtendedEntityManagerCreator$ExtendedEntityManagerInvocationHandler.invoke(ExtendedEntityManagerCreator.java:350)
	at com.sun.proxy.$Proxy120.createQuery(Unknown Source)
	at org.springframework.data.jpa.repository.query.SimpleJpaQuery.validateQuery(SimpleJpaQuery.java:87)
	... 78 common frames omitted
Caused by: org.hibernate.hql.internal.ast.QuerySyntaxException: LocationDto is not mapped [SELECT new com.honeycakesin.dto.LocationDto(l) FROM LocationDto l ]
	at org.hibernate.hql.internal.ast.QuerySyntaxException.generateQueryException(QuerySyntaxException.java:79)
	at org.hibernate.QueryException.wrapWithQueryString(QueryException.java:103)
	at org.hibernate.hql.internal.ast.QueryTranslatorImpl.doCompile(QueryTranslatorImpl.java:217)
	at org.hibernate.hql.internal.ast.QueryTranslatorImpl.compile(QueryTranslatorImpl.java:141)
	at org.hibernate.engine.query.spi.HQLQueryPlan.<init>(HQLQueryPlan.java:115)
	at org.hibernate.engine.query.spi.HQLQueryPlan.<init>(HQLQueryPlan.java:77)
	at org.hibernate.engine.query.spi.QueryPlanCache.getHQLQueryPlan(QueryPlanCache.java:153)
	at org.hibernate.internal.AbstractSharedSessionContract.getQueryPlan(AbstractSharedSessionContract.java:553)
	at org.hibernate.internal.AbstractSharedSessionContract.createQuery(AbstractSharedSessionContract.java:662)
	... 86 common frames omitted
Caused by: org.hibernate.hql.internal.ast.QuerySyntaxException: LocationDto is not mapped
	at org.hibernate.hql.internal.ast.util.SessionFactoryHelper.requireClassPersister(SessionFactoryHelper.java:171)
	at org.hibernate.hql.internal.ast.tree.FromElementFactory.addFromElement(FromElementFactory.java:91)
	at org.hibernate.hql.internal.ast.tree.FromClause.addFromElement(FromClause.java:79)
	at org.hibernate.hql.internal.ast.HqlSqlWalker.createFromElement(HqlSqlWalker.java:326)
	at org.hibernate.hql.internal.antlr.HqlSqlBaseWalker.fromElement(HqlSqlBaseWalker.java:3706)
	at org.hibernate.hql.internal.antlr.HqlSqlBaseWalker.fromElementList(HqlSqlBaseWalker.java:3595)
	at org.hibernate.hql.internal.antlr.HqlSqlBaseWalker.fromClause(HqlSqlBaseWalker.java:720)
	at org.hibernate.hql.internal.antlr.HqlSqlBaseWalker.query(HqlSqlBaseWalker.java:576)
	at org.hibernate.hql.internal.antlr.HqlSqlBaseWalker.selectStatement(HqlSqlBaseWalker.java:313)
	at org.hibernate.hql.internal.antlr.HqlSqlBaseWalker.statement(HqlSqlBaseWalker.java:261)
	at org.hibernate.hql.internal.ast.QueryTranslatorImpl.analyze(QueryTranslatorImpl.java:266)
	at org.hibernate.hql.internal.ast.QueryTranslatorImpl.doCompile(QueryTranslatorImpl.java:189)
	... 92 common frames omitted
02-04-2018 21:23:05.379 [restartedMain] INFO  c.honeycakesin.HoneycakesApplication.logStarting - Starting HoneycakesApplication on Ramus-MacBook-Air.local with PID 16379 (/Users/ram/JustALab-Workspace/honeycomb/honeycakes-in/target/classes started by ram in /Users/ram/JustALab-Workspace/honeycomb/honeycakes-in)
02-04-2018 21:23:05.382 [restartedMain] INFO  c.honeycakesin.HoneycakesApplication.logStartupProfileInfo - The following profiles are active: dev
02-04-2018 21:23:05.505 [restartedMain] INFO  o.s.b.w.s.c.AnnotationConfigServletWebServerApplicationContext.prepareRefresh - Refreshing org.springframework.boot.web.servlet.context.AnnotationConfigServletWebServerApplicationContext@623a0ef6: startup date [Mon Apr 02 21:23:05 IST 2018]; root of context hierarchy
02-04-2018 21:23:07.802 [restartedMain] INFO  o.s.c.s.PostProcessorRegistrationDelegate$BeanPostProcessorChecker.postProcessAfterInitialization - Bean 'org.springframework.transaction.annotation.ProxyTransactionManagementConfiguration' of type [org.springframework.transaction.annotation.ProxyTransactionManagementConfiguration$$EnhancerBySpringCGLIB$$f11a7e76] is not eligible for getting processed by all BeanPostProcessors (for example: not eligible for auto-proxying)
02-04-2018 21:23:07.898 [restartedMain] INFO  o.s.c.s.PostProcessorRegistrationDelegate$BeanPostProcessorChecker.postProcessAfterInitialization - Bean 'org.springframework.security.config.annotation.configuration.ObjectPostProcessorConfiguration' of type [org.springframework.security.config.annotation.configuration.ObjectPostProcessorConfiguration$$EnhancerBySpringCGLIB$$89c846b0] is not eligible for getting processed by all BeanPostProcessors (for example: not eligible for auto-proxying)
02-04-2018 21:23:07.914 [restartedMain] INFO  o.s.c.s.PostProcessorRegistrationDelegate$BeanPostProcessorChecker.postProcessAfterInitialization - Bean 'objectPostProcessor' of type [org.springframework.security.config.annotation.configuration.AutowireBeanFactoryObjectPostProcessor] is not eligible for getting processed by all BeanPostProcessors (for example: not eligible for auto-proxying)
02-04-2018 21:23:07.917 [restartedMain] INFO  o.s.c.s.PostProcessorRegistrationDelegate$BeanPostProcessorChecker.postProcessAfterInitialization - Bean 'org.springframework.security.access.expression.method.DefaultMethodSecurityExpressionHandler@7c7653ea' of type [org.springframework.security.access.expression.method.DefaultMethodSecurityExpressionHandler] is not eligible for getting processed by all BeanPostProcessors (for example: not eligible for auto-proxying)
02-04-2018 21:23:07.931 [restartedMain] INFO  o.s.c.s.PostProcessorRegistrationDelegate$BeanPostProcessorChecker.postProcessAfterInitialization - Bean 'org.springframework.security.config.annotation.method.configuration.GlobalMethodSecurityConfiguration' of type [org.springframework.security.config.annotation.method.configuration.GlobalMethodSecurityConfiguration$$EnhancerBySpringCGLIB$$ae9ce962] is not eligible for getting processed by all BeanPostProcessors (for example: not eligible for auto-proxying)
02-04-2018 21:23:07.949 [restartedMain] INFO  o.s.c.s.PostProcessorRegistrationDelegate$BeanPostProcessorChecker.postProcessAfterInitialization - Bean 'methodSecurityMetadataSource' of type [org.springframework.security.access.method.DelegatingMethodSecurityMetadataSource] is not eligible for getting processed by all BeanPostProcessors (for example: not eligible for auto-proxying)
02-04-2018 21:23:08.558 [restartedMain] INFO  o.s.b.w.e.tomcat.TomcatWebServer.initialize - Tomcat initialized with port(s): 8085 (http)
02-04-2018 21:23:08.608 [restartedMain] INFO  o.a.catalina.core.StandardService.log - Starting service [Tomcat]
02-04-2018 21:23:08.609 [restartedMain] INFO  o.a.catalina.core.StandardEngine.log - Starting Servlet Engine: Apache Tomcat/8.5.28
02-04-2018 21:23:08.626 [localhost-startStop-1] INFO  o.a.c.core.AprLifecycleListener.log - The APR based Apache Tomcat Native library which allows optimal performance in production environments was not found on the java.library.path: [/Users/ram/Library/Java/Extensions:/Library/Java/Extensions:/Network/Library/Java/Extensions:/System/Library/Java/Extensions:/usr/lib/java:.]
02-04-2018 21:23:08.946 [localhost-startStop-1] INFO  o.a.c.c.C.[Tomcat].[localhost].[/].log - Initializing Spring embedded WebApplicationContext
02-04-2018 21:23:08.948 [localhost-startStop-1] INFO  o.s.web.context.ContextLoader.prepareWebApplicationContext - Root WebApplicationContext: initialization completed in 3442 ms
02-04-2018 21:23:09.249 [localhost-startStop-1] INFO  o.s.b.w.s.FilterRegistrationBean.configure - Mapping filter: 'characterEncodingFilter' to: [/*]
02-04-2018 21:23:09.250 [localhost-startStop-1] INFO  o.s.b.w.s.FilterRegistrationBean.configure - Mapping filter: 'hiddenHttpMethodFilter' to: [/*]
02-04-2018 21:23:09.251 [localhost-startStop-1] INFO  o.s.b.w.s.FilterRegistrationBean.configure - Mapping filter: 'httpPutFormContentFilter' to: [/*]
02-04-2018 21:23:09.252 [localhost-startStop-1] INFO  o.s.b.w.s.FilterRegistrationBean.configure - Mapping filter: 'requestContextFilter' to: [/*]
02-04-2018 21:23:09.252 [localhost-startStop-1] INFO  o.s.b.w.s.DelegatingFilterProxyRegistrationBean.configure - Mapping filter: 'springSecurityFilterChain' to: [/*]
02-04-2018 21:23:09.253 [localhost-startStop-1] INFO  o.s.b.w.s.ServletRegistrationBean.addRegistration - Servlet dispatcherServlet mapped to [/]
02-04-2018 21:23:09.543 [restartedMain] INFO  com.zaxxer.hikari.HikariDataSource.getConnection - HikariPool-1 - Starting...
02-04-2018 21:23:09.905 [restartedMain] INFO  com.zaxxer.hikari.HikariDataSource.getConnection - HikariPool-1 - Start completed.
02-04-2018 21:23:09.989 [restartedMain] INFO  o.s.o.j.LocalContainerEntityManagerFactoryBean.createNativeEntityManagerFactory - Building JPA container EntityManagerFactory for persistence unit 'default'
02-04-2018 21:23:10.024 [restartedMain] INFO  o.h.jpa.internal.util.LogHelper.logPersistenceUnitInformation - HHH000204: Processing PersistenceUnitInfo [
	name: default
	...]
02-04-2018 21:23:10.141 [restartedMain] INFO  org.hibernate.Version.logVersion - HHH000412: Hibernate Core {5.2.14.Final}
02-04-2018 21:23:10.142 [restartedMain] INFO  org.hibernate.cfg.Environment.<clinit> - HHH000206: hibernate.properties not found
02-04-2018 21:23:10.182 [restartedMain] INFO  o.h.annotations.common.Version.<clinit> - HCANN000001: Hibernate Commons Annotations {5.0.1.Final}
02-04-2018 21:23:10.355 [restartedMain] INFO  org.hibernate.dialect.Dialect.<init> - HHH000400: Using dialect: org.hibernate.dialect.MySQL5InnoDBDialect
02-04-2018 21:23:11.682 [restartedMain] INFO  o.s.o.j.LocalContainerEntityManagerFactoryBean.buildNativeEntityManagerFactory - Initialized JPA EntityManagerFactory for persistence unit 'default'
02-04-2018 21:23:12.851 [restartedMain] INFO  o.h.h.i.QueryTranslatorFactoryInitiator.initiateService - HHH000397: Using ASTQueryTranslatorFactory
02-04-2018 21:23:13.264 [restartedMain] INFO  o.s.s.web.DefaultSecurityFilterChain.<init> - Creating filter chain: Ant [pattern='/hc/auth', POST], []
02-04-2018 21:23:13.265 [restartedMain] INFO  o.s.s.web.DefaultSecurityFilterChain.<init> - Creating filter chain: Ant [pattern='/', GET], []
02-04-2018 21:23:13.265 [restartedMain] INFO  o.s.s.web.DefaultSecurityFilterChain.<init> - Creating filter chain: Ant [pattern='/*.html', GET], []
02-04-2018 21:23:13.266 [restartedMain] INFO  o.s.s.web.DefaultSecurityFilterChain.<init> - Creating filter chain: Ant [pattern='/favicon.ico', GET], []
02-04-2018 21:23:13.266 [restartedMain] INFO  o.s.s.web.DefaultSecurityFilterChain.<init> - Creating filter chain: Ant [pattern='/**/*.html', GET], []
02-04-2018 21:23:13.266 [restartedMain] INFO  o.s.s.web.DefaultSecurityFilterChain.<init> - Creating filter chain: Ant [pattern='/**/*.css', GET], []
02-04-2018 21:23:13.266 [restartedMain] INFO  o.s.s.web.DefaultSecurityFilterChain.<init> - Creating filter chain: Ant [pattern='/**/*.js', GET], []
02-04-2018 21:23:13.267 [restartedMain] INFO  o.s.s.web.DefaultSecurityFilterChain.<init> - Creating filter chain: Ant [pattern='/h2-console/**/**'], []
02-04-2018 21:23:13.400 [restartedMain] INFO  o.s.s.web.DefaultSecurityFilterChain.<init> - Creating filter chain: org.springframework.security.web.util.matcher.AnyRequestMatcher@1, [org.springframework.security.web.context.request.async.WebAsyncManagerIntegrationFilter@3335d7e8, org.springframework.security.web.context.SecurityContextPersistenceFilter@48f7a781, org.springframework.security.web.header.HeaderWriterFilter@3ec759f9, org.springframework.security.web.authentication.logout.LogoutFilter@758c66c, com.honeycakesin.security.JwtAuthorizationTokenFilter@4a353358, org.springframework.security.web.savedrequest.RequestCacheAwareFilter@17e86b70, org.springframework.security.web.servletapi.SecurityContextHolderAwareRequestFilter@1ce8364f, org.springframework.security.web.authentication.AnonymousAuthenticationFilter@669de165, org.springframework.security.web.session.SessionManagementFilter@f9bffd3, org.springframework.security.web.access.ExceptionTranslationFilter@2e7b1ed2, org.springframework.security.web.access.intercept.FilterSecurityInterceptor@6263635d]
02-04-2018 21:23:14.169 [restartedMain] INFO  o.s.w.s.m.m.a.RequestMappingHandlerAdapter.initControllerAdviceCache - Looking for @ControllerAdvice: org.springframework.boot.web.servlet.context.AnnotationConfigServletWebServerApplicationContext@623a0ef6: startup date [Mon Apr 02 21:23:05 IST 2018]; root of context hierarchy
02-04-2018 21:23:14.644 [restartedMain] WARN  o.s.b.a.o.j.JpaBaseConfiguration$JpaWebConfiguration$JpaWebMvcConfiguration.openEntityManagerInViewInterceptor - spring.jpa.open-in-view is enabled by default. Therefore, database queries may be performed during view rendering. Explicitly configure spring.jpa.open-in-view to disable this warning
02-04-2018 21:23:14.707 [restartedMain] INFO  o.s.w.s.m.m.a.RequestMappingHandlerMapping.register - Mapped "{[/hc/admin],methods=[GET]}" onto public org.springframework.http.ResponseEntity<?> com.honeycakesin.controller.AdminController.getProtectedGreeting()
02-04-2018 21:23:14.710 [restartedMain] INFO  o.s.w.s.m.m.a.RequestMappingHandlerMapping.register - Mapped "{[/hc/auth],methods=[POST]}" onto public org.springframework.http.ResponseEntity<?> com.honeycakesin.controller.AuthenticationController.createAuthenticationToken(com.honeycakesin.security.JwtAuthenticationRequest) throws com.honeycakesin.Exception.AuthenticationException
02-04-2018 21:23:14.711 [restartedMain] INFO  o.s.w.s.m.m.a.RequestMappingHandlerMapping.register - Mapped "{[/refresh],methods=[GET]}" onto public org.springframework.http.ResponseEntity<?> com.honeycakesin.controller.AuthenticationController.refreshAndGetAuthenticationToken(javax.servlet.http.HttpServletRequest)
02-04-2018 21:23:14.714 [restartedMain] INFO  o.s.w.s.m.m.a.RequestMappingHandlerMapping.register - Mapped "{[/hc/customer/locations],methods=[GET]}" onto public java.util.List<com.honeycakesin.entities.Location> com.honeycakesin.controller.CustomerController.getLocationsList()
02-04-2018 21:23:14.715 [restartedMain] INFO  o.s.w.s.m.m.a.RequestMappingHandlerMapping.register - Mapped "{[/hc/customer/vendoritems/{vendorId}],methods=[GET]}" onto public java.util.List<com.honeycakesin.entities.VendorItems> com.honeycakesin.controller.CustomerController.getVendorItemsList(java.lang.Long)
02-04-2018 21:23:14.716 [restartedMain] INFO  o.s.w.s.m.m.a.RequestMappingHandlerMapping.register - Mapped "{[/user],methods=[GET]}" onto public com.honeycakesin.security.JwtUser com.honeycakesin.controller.UserController.getAuthenticatedUser(javax.servlet.http.HttpServletRequest)
02-04-2018 21:23:14.718 [restartedMain] INFO  o.s.w.s.m.m.a.RequestMappingHandlerMapping.register - Mapped "{[/hc/vendor],methods=[GET]}" onto public org.springframework.http.ResponseEntity<?> com.honeycakesin.controller.VendorController.getProtectedGreeting()
02-04-2018 21:23:14.726 [restartedMain] INFO  o.s.w.s.m.m.a.RequestMappingHandlerMapping.register - Mapped "{[/error]}" onto public org.springframework.http.ResponseEntity<java.util.Map<java.lang.String, java.lang.Object>> org.springframework.boot.autoconfigure.web.servlet.error.BasicErrorController.error(javax.servlet.http.HttpServletRequest)
02-04-2018 21:23:14.727 [restartedMain] INFO  o.s.w.s.m.m.a.RequestMappingHandlerMapping.register - Mapped "{[/error],produces=[text/html]}" onto public org.springframework.web.servlet.ModelAndView org.springframework.boot.autoconfigure.web.servlet.error.BasicErrorController.errorHtml(javax.servlet.http.HttpServletRequest,javax.servlet.http.HttpServletResponse)
02-04-2018 21:23:14.832 [restartedMain] INFO  o.s.w.s.h.SimpleUrlHandlerMapping.registerHandler - Mapped URL path [/webjars/**] onto handler of type [class org.springframework.web.servlet.resource.ResourceHttpRequestHandler]
02-04-2018 21:23:14.832 [restartedMain] INFO  o.s.w.s.h.SimpleUrlHandlerMapping.registerHandler - Mapped URL path [/**] onto handler of type [class org.springframework.web.servlet.resource.ResourceHttpRequestHandler]
02-04-2018 21:23:14.932 [restartedMain] INFO  o.s.w.s.h.SimpleUrlHandlerMapping.registerHandler - Mapped URL path [/**/favicon.ico] onto handler of type [class org.springframework.web.servlet.resource.ResourceHttpRequestHandler]
02-04-2018 21:23:15.254 [restartedMain] INFO  o.s.b.d.a.OptionalLiveReloadServer.startServer - LiveReload server is running on port 35729
02-04-2018 21:23:15.352 [restartedMain] INFO  o.s.j.e.a.AnnotationMBeanExporter.afterSingletonsInstantiated - Registering beans for JMX exposure on startup
02-04-2018 21:23:15.355 [restartedMain] INFO  o.s.j.e.a.AnnotationMBeanExporter.autodetect - Bean with name 'dataSource' has been autodetected for JMX exposure
02-04-2018 21:23:15.364 [restartedMain] INFO  o.s.j.e.a.AnnotationMBeanExporter.registerBeanInstance - Located MBean 'dataSource': registering with JMX server as MBean [com.zaxxer.hikari:name=dataSource,type=HikariDataSource]
02-04-2018 21:23:15.438 [restartedMain] INFO  o.s.b.w.e.tomcat.TomcatWebServer.start - Tomcat started on port(s): 8085 (http) with context path ''
02-04-2018 21:23:15.443 [restartedMain] INFO  c.honeycakesin.HoneycakesApplication.logStarted - Started HoneycakesApplication in 10.639 seconds (JVM running for 11.336)
02-04-2018 21:23:36.483 [http-nio-8085-exec-1] INFO  o.a.c.c.C.[Tomcat].[localhost].[/].log - Initializing Spring FrameworkServlet 'dispatcherServlet'
02-04-2018 21:23:36.484 [http-nio-8085-exec-1] INFO  o.s.web.servlet.DispatcherServlet.initServletBean - FrameworkServlet 'dispatcherServlet': initialization started
02-04-2018 21:23:36.514 [http-nio-8085-exec-1] INFO  o.s.web.servlet.DispatcherServlet.initServletBean - FrameworkServlet 'dispatcherServlet': initialization completed in 30 ms
02-04-2018 21:24:23.749 [http-nio-8085-exec-3] INFO  c.h.s.JwtAuthorizationTokenFilter.doFilterInternal - authorizated user 'u@u.com', setting security context
02-04-2018 21:24:23.764 [http-nio-8085-exec-3] WARN  o.s.web.servlet.PageNotFound.handleHttpRequestMethodNotSupported - Request method 'POST' not supported
02-04-2018 21:24:23.765 [http-nio-8085-exec-3] WARN  o.s.w.s.m.s.DefaultHandlerExceptionResolver.logException - Resolved exception caused by Handler execution: org.springframework.web.HttpRequestMethodNotSupportedException: Request method 'POST' not supported
02-04-2018 21:24:28.828 [http-nio-8085-exec-4] INFO  c.h.s.JwtAuthorizationTokenFilter.doFilterInternal - authorizated user 'u@u.com', setting security context
02-04-2018 21:24:36.704 [http-nio-8085-exec-5] INFO  c.h.s.JwtAuthorizationTokenFilter.doFilterInternal - authorizated user 'u@u.com', setting security context
